<?xml version="1.0" encoding="UTF-8"?>
<!-- Generated by org.testng.reporters.JUnitXMLReporter -->
<testsuite ignored="0" hostname="DESKTOP-N029N8S" failures="0" tests="4" name="Default test" time="40.323" errors="0" timestamp="2021-01-01T08:06:19 PST">
  <testcase classname="com.learnings.runner.Runner" name="runScenario" time="2.173"/>
  <testcase classname="com.learnings.runner.Runner" name="runScenario" time="2.481"/>
  <testcase classname="com.learnings.runner.Runner" name="runScenario" time="2.722"/>
  <testcase classname="com.learnings.runner.Runner" name="runScenario" time="2.037"/>
</testsuite> <!-- Default test -->
